<?xml version="1.0" encoding="UTF-8"?>
<!-- Generated by org.testng.reporters.JUnitReportReporter -->
<testsuite hostname="LAPTOP-M7EFNRI0" failures="0" tests="1" name="API.APITest" time="20.684" errors="0" timestamp="2024-01-08T09:53:32 IST" skipped="0">
  <testcase classname="API.APITest" name="ApiCall" time="20.684"/>
</testsuite> <!-- API.APITest -->
